<?xml version="1.0" encoding="UTF-8"?>
<testsuite xmlns:xsi="http://www.w3.org/2001/XMLSchema-instance" xsi:schemaLocation="https://maven.apache.org/surefire/maven-surefire-plugin/xsd/surefire-test-report.xsd" name="TestSuite" time="147.983" tests="6" errors="0" skipped="0" failures="0">
  <properties>
[...]
</properties>
  <testcase name="create_site" classname="org.craftercms.studio.testing.cases.CreateSiteTest" time="28.367"/>
  <testcase name="create_site" classname="org.craftercms.studio.testing.cases.CreateSiteTest" time="29.186"/>
  <testcase name="Add_New_Content_test" classname="org.craftercms.studio.testing.cases.AddNewContentTest" time="30.177"/>
  <testcase name="delete_site" classname="org.craftercms.studio.testing.cases.DeleteSiteTest" time="12.401"/>
  <testcase name="delete_site" classname="org.craftercms.studio.testing.cases.DeleteSiteTest" time="12.422"/>
  <testcase name="Add_New_Folder_test" classname="org.craftercms.studio.testing.cases.AddNewFolderTest" time="17.839"/>
</testsuite>