<?xml version="1.0" encoding="UTF-8"?>
<!-- Generated by org.testng.reporters.JUnitXMLReporter -->
<testsuite hostname="Gustavo-Ortiz.local" name="Block 2" tests="3" failures="0" timestamp="9 Nov 2016 23:12:27 GMT" time="67.828" errors="0">
  <testcase name="create_site" time="29.186" classname="org.craftercms.studio.testing.cases.CreateSiteTest"/>
  <testcase name="Add_New_Folder_test" time="17.839" classname="org.craftercms.studio.testing.cases.AddNewFolderTest"/>
  <testcase name="delete_site" time="12.422" classname="org.craftercms.studio.testing.cases.DeleteSiteTest"/>
</testsuite> <!-- Block 2 -->
