<?xml version="1.0" encoding="UTF-8"?>
<!-- Generated by org.testng.reporters.JUnitXMLReporter -->
<testsuite hostname="Gustavo-Ortiz.local" name="Block 1" tests="3" failures="0" timestamp="9 Nov 2016 23:11:19 GMT" time="79.448" errors="0">
  <testcase name="create_site" time="28.367" classname="org.craftercms.studio.testing.cases.CreateSiteTest"/>
  <testcase name="Add_New_Content_test" time="30.177" classname="org.craftercms.studio.testing.cases.AddNewContentTest"/>
  <testcase name="delete_site" time="12.4" classname="org.craftercms.studio.testing.cases.DeleteSiteTest"/>
</testsuite> <!-- Block 1 -->
