<?xml version="1.0" encoding="UTF-8"?>
<testng-results skipped="0" failed="0" total="1" passed="1">
  <reporter-output>
  </reporter-output>
  <suite name="Default suite" duration-ms="80980" started-at="2016-11-09T21:56:44Z" finished-at="2016-11-09T21:58:05Z">
    <groups>
    </groups>
    <test name="Default test" duration-ms="80980" started-at="2016-11-09T21:56:44Z" finished-at="2016-11-09T21:58:05Z">
      <class name="org.craftercms.studio.testing.cases.EditContentFormTest">
        <test-method status="PASS" signature="beforeTest()[pri:0, instance:org.craftercms.studio.testing.cases.EditContentFormTest@64efc9fb]" name="beforeTest" is-config="true" duration-ms="2552" started-at="2016-11-09T15:56:44Z" finished-at="2016-11-09T15:56:47Z">
          <reporter-output>
          </reporter-output>
        </test-method> <!-- beforeTest -->
        <test-method status="PASS" signature="edit_Content_1()[pri:0, instance:org.craftercms.studio.testing.cases.EditContentFormTest@64efc9fb]" name="edit_Content_1" duration-ms="77726" started-at="2016-11-09T15:56:47Z" finished-at="2016-11-09T15:58:04Z">
          <reporter-output>
          </reporter-output>
        </test-method> <!-- edit_Content_1 -->
        <test-method status="PASS" signature="afterTest()[pri:0, instance:org.craftercms.studio.testing.cases.EditContentFormTest@64efc9fb]" name="afterTest" is-config="true" duration-ms="685" started-at="2016-11-09T15:58:04Z" finished-at="2016-11-09T15:58:05Z">
          <reporter-output>
          </reporter-output>
        </test-method> <!-- afterTest -->
      </class> <!-- org.craftercms.studio.testing.cases.EditContentFormTest -->
    </test> <!-- Default test -->
  </suite> <!-- Default suite -->
</testng-results>
